::1 - - [14/Jun/2019:00:27:23 +0000] "GET / HTTP/1.1" 404 139 "-" "Mozilla/5.0 (Windows NT 6.1; Win64; x64) AppleWebKit/537.36 (KHTML, like Gecko) Chrome/74.0.3729.169 Safari/537.36"
::1 - - [14/Jun/2019:00:27:38 +0000] "GET /swagger HTTP/1.1" 404 146 "-" "Mozilla/5.0 (Windows NT 6.1; Win64; x64) AppleWebKit/537.36 (KHTML, like Gecko) Chrome/74.0.3729.169 Safari/537.36"
::1 - - [14/Jun/2019:00:27:54 +0000] "GET / HTTP/1.1" 404 139 "-" "Mozilla/5.0 (Windows NT 6.1; Win64; x64) AppleWebKit/537.36 (KHTML, like Gecko) Chrome/74.0.3729.169 Safari/537.36"
::1 - - [14/Jun/2019:00:28:07 +0000] "GET /swagger.ui.html HTTP/1.1" 404 154 "-" "Mozilla/5.0 (Windows NT 6.1; Win64; x64) AppleWebKit/537.36 (KHTML, like Gecko) Chrome/74.0.3729.169 Safari/537.36"
::1 - - [14/Jun/2019:00:28:12 +0000] "GET /swagger-ui.html HTTP/1.1" 404 154 "-" "Mozilla/5.0 (Windows NT 6.1; Win64; x64) AppleWebKit/537.36 (KHTML, like Gecko) Chrome/74.0.3729.169 Safari/537.36"
::1 - - [14/Jun/2019:00:28:49 +0000] "GET /swagger HTTP/1.1" 404 146 "-" "Mozilla/5.0 (Windows NT 6.1; Win64; x64) AppleWebKit/537.36 (KHTML, like Gecko) Chrome/74.0.3729.169 Safari/537.36"
::1 - - [14/Jun/2019:00:28:56 +0000] "GET /swagger.ui.html HTTP/1.1" 404 154 "-" "Mozilla/5.0 (Windows NT 6.1; Win64; x64) AppleWebKit/537.36 (KHTML, like Gecko) Chrome/74.0.3729.169 Safari/537.36"
::1 - - [14/Jun/2019:00:29:22 +0000] "GET /hello HTTP/1.1" 200 11 "-" "Mozilla/5.0 (Windows NT 6.1; Win64; x64) AppleWebKit/537.36 (KHTML, like Gecko) Chrome/74.0.3729.169 Safari/537.36"
::1 - - [14/Jun/2019:00:29:22 +0000] "GET /favicon.ico HTTP/1.1" 404 150 "http://localhost:3001/hello" "Mozilla/5.0 (Windows NT 6.1; Win64; x64) AppleWebKit/537.36 (KHTML, like Gecko) Chrome/74.0.3729.169 Safari/537.36"
::1 - - [14/Jun/2019:00:30:00 +0000] "GET /hello/swagger HTTP/1.1" 404 152 "-" "Mozilla/5.0 (Windows NT 6.1; Win64; x64) AppleWebKit/537.36 (KHTML, like Gecko) Chrome/74.0.3729.169 Safari/537.36"
::1 - - [14/Jun/2019:00:31:29 +0000] "GET /api-docs HTTP/1.1" 301 183 "-" "Mozilla/5.0 (Windows NT 6.1; Win64; x64) AppleWebKit/537.36 (KHTML, like Gecko) Chrome/74.0.3729.169 Safari/537.36"
::1 - - [14/Jun/2019:00:31:29 +0000] "GET /api-docs/ HTTP/1.1" 200 - "-" "Mozilla/5.0 (Windows NT 6.1; Win64; x64) AppleWebKit/537.36 (KHTML, like Gecko) Chrome/74.0.3729.169 Safari/537.36"
::1 - - [14/Jun/2019:00:31:29 +0000] "GET /api-docs/swagger-ui-init.js HTTP/1.1" 200 - "http://localhost:3001/api-docs/" "Mozilla/5.0 (Windows NT 6.1; Win64; x64) AppleWebKit/537.36 (KHTML, like Gecko) Chrome/74.0.3729.169 Safari/537.36"
::1 - - [14/Jun/2019:00:31:29 +0000] "GET /api-docs/swagger-ui.css HTTP/1.1" 200 - "http://localhost:3001/api-docs/" "Mozilla/5.0 (Windows NT 6.1; Win64; x64) AppleWebKit/537.36 (KHTML, like Gecko) Chrome/74.0.3729.169 Safari/537.36"
::1 - - [14/Jun/2019:00:31:29 +0000] "GET /api-docs/swagger-ui-standalone-preset.js HTTP/1.1" 200 - "http://localhost:3001/api-docs/" "Mozilla/5.0 (Windows NT 6.1; Win64; x64) AppleWebKit/537.36 (KHTML, like Gecko) Chrome/74.0.3729.169 Safari/537.36"
::1 - - [14/Jun/2019:00:31:30 +0000] "GET /api-docs/swagger-ui-bundle.js HTTP/1.1" 200 - "http://localhost:3001/api-docs/" "Mozilla/5.0 (Windows NT 6.1; Win64; x64) AppleWebKit/537.36 (KHTML, like Gecko) Chrome/74.0.3729.169 Safari/537.36"
::1 - - [14/Jun/2019:00:31:30 +0000] "GET /api-docs/favicon-32x32.png HTTP/1.1" 200 628 "http://localhost:3001/api-docs/" "Mozilla/5.0 (Windows NT 6.1; Win64; x64) AppleWebKit/537.36 (KHTML, like Gecko) Chrome/74.0.3729.169 Safari/537.36"
::1 - - [14/Jun/2019:00:32:01 +0000] "GET /hello?name=teste HTTP/1.1" 200 11 "http://localhost:3001/api-docs/" "Mozilla/5.0 (Windows NT 6.1; Win64; x64) AppleWebKit/537.36 (KHTML, like Gecko) Chrome/74.0.3729.169 Safari/537.36"
::1 - - [14/Jun/2019:00:58:07 +0000] "GET /api-docs/ HTTP/1.1" 304 - "-" "Mozilla/5.0 (Windows NT 6.1; Win64; x64) AppleWebKit/537.36 (KHTML, like Gecko) Chrome/74.0.3729.169 Safari/537.36"
::1 - - [14/Jun/2019:00:58:07 +0000] "GET /api-docs/swagger-ui.css HTTP/1.1" 304 - "http://localhost:3001/api-docs/" "Mozilla/5.0 (Windows NT 6.1; Win64; x64) AppleWebKit/537.36 (KHTML, like Gecko) Chrome/74.0.3729.169 Safari/537.36"
::1 - - [14/Jun/2019:00:58:08 +0000] "GET /api-docs/swagger-ui-bundle.js HTTP/1.1" 304 - "http://localhost:3001/api-docs/" "Mozilla/5.0 (Windows NT 6.1; Win64; x64) AppleWebKit/537.36 (KHTML, like Gecko) Chrome/74.0.3729.169 Safari/537.36"
::1 - - [14/Jun/2019:00:58:08 +0000] "GET /api-docs/swagger-ui-init.js HTTP/1.1" 304 - "http://localhost:3001/api-docs/" "Mozilla/5.0 (Windows NT 6.1; Win64; x64) AppleWebKit/537.36 (KHTML, like Gecko) Chrome/74.0.3729.169 Safari/537.36"
::1 - - [14/Jun/2019:00:58:08 +0000] "GET /api-docs/swagger-ui-standalone-preset.js HTTP/1.1" 304 - "http://localhost:3001/api-docs/" "Mozilla/5.0 (Windows NT 6.1; Win64; x64) AppleWebKit/537.36 (KHTML, like Gecko) Chrome/74.0.3729.169 Safari/537.36"
::1 - - [14/Jun/2019:00:58:15 +0000] "GET /api-docs/ HTTP/1.1" 200 - "-" "Mozilla/5.0 (Windows NT 6.1; Win64; x64) AppleWebKit/537.36 (KHTML, like Gecko) Chrome/74.0.3729.169 Safari/537.36"
::1 - - [14/Jun/2019:00:58:15 +0000] "GET /api-docs/swagger-ui-init.js HTTP/1.1" 200 - "http://localhost:3001/api-docs/" "Mozilla/5.0 (Windows NT 6.1; Win64; x64) AppleWebKit/537.36 (KHTML, like Gecko) Chrome/74.0.3729.169 Safari/537.36"
::1 - - [14/Jun/2019:00:58:15 +0000] "GET /api-docs/swagger-ui.css HTTP/1.1" 200 - "http://localhost:3001/api-docs/" "Mozilla/5.0 (Windows NT 6.1; Win64; x64) AppleWebKit/537.36 (KHTML, like Gecko) Chrome/74.0.3729.169 Safari/537.36"
::1 - - [14/Jun/2019:00:58:15 +0000] "GET /api-docs/swagger-ui-standalone-preset.js HTTP/1.1" 200 - "http://localhost:3001/api-docs/" "Mozilla/5.0 (Windows NT 6.1; Win64; x64) AppleWebKit/537.36 (KHTML, like Gecko) Chrome/74.0.3729.169 Safari/537.36"
::1 - - [14/Jun/2019:00:58:15 +0000] "GET /api-docs/ HTTP/1.1" 200 - "-" "Mozilla/5.0 (Windows NT 6.1; Win64; x64) AppleWebKit/537.36 (KHTML, like Gecko) Chrome/74.0.3729.169 Safari/537.36"
::1 - - [14/Jun/2019:00:58:15 +0000] "GET /api-docs/swagger-ui-bundle.js HTTP/1.1" 200 - "http://localhost:3001/api-docs/" "Mozilla/5.0 (Windows NT 6.1; Win64; x64) AppleWebKit/537.36 (KHTML, like Gecko) Chrome/74.0.3729.169 Safari/537.36"
::1 - - [14/Jun/2019:00:58:15 +0000] "GET /api-docs/swagger-ui-init.js HTTP/1.1" 200 - "http://localhost:3001/api-docs/" "Mozilla/5.0 (Windows NT 6.1; Win64; x64) AppleWebKit/537.36 (KHTML, like Gecko) Chrome/74.0.3729.169 Safari/537.36"
::1 - - [14/Jun/2019:00:58:15 +0000] "GET /api-docs/swagger-ui.css HTTP/1.1" 200 - "http://localhost:3001/api-docs/" "Mozilla/5.0 (Windows NT 6.1; Win64; x64) AppleWebKit/537.36 (KHTML, like Gecko) Chrome/74.0.3729.169 Safari/537.36"
::1 - - [14/Jun/2019:00:58:15 +0000] "GET /api-docs/swagger-ui-standalone-preset.js HTTP/1.1" 200 - "http://localhost:3001/api-docs/" "Mozilla/5.0 (Windows NT 6.1; Win64; x64) AppleWebKit/537.36 (KHTML, like Gecko) Chrome/74.0.3729.169 Safari/537.36"
::1 - - [14/Jun/2019:00:58:15 +0000] "GET /api-docs/swagger-ui-bundle.js HTTP/1.1" 200 - "http://localhost:3001/api-docs/" "Mozilla/5.0 (Windows NT 6.1; Win64; x64) AppleWebKit/537.36 (KHTML, like Gecko) Chrome/74.0.3729.169 Safari/537.36"
::1 - - [14/Jun/2019:00:58:15 +0000] "GET /api-docs/favicon-32x32.png HTTP/1.1" 200 628 "http://localhost:3001/api-docs/" "Mozilla/5.0 (Windows NT 6.1; Win64; x64) AppleWebKit/537.36 (KHTML, like Gecko) Chrome/74.0.3729.169 Safari/537.36"
::1 - - [14/Jun/2019:01:01:39 +0000] "GET /api-docs/ HTTP/1.1" 304 - "-" "Mozilla/5.0 (Windows NT 6.1; Win64; x64) AppleWebKit/537.36 (KHTML, like Gecko) Chrome/74.0.3729.169 Safari/537.36"
::1 - - [14/Jun/2019:01:01:39 +0000] "GET /api-docs/swagger-ui.css HTTP/1.1" 304 - "http://localhost:3001/api-docs/" "Mozilla/5.0 (Windows NT 6.1; Win64; x64) AppleWebKit/537.36 (KHTML, like Gecko) Chrome/74.0.3729.169 Safari/537.36"
::1 - - [14/Jun/2019:01:01:39 +0000] "GET /api-docs/swagger-ui-bundle.js HTTP/1.1" 304 - "http://localhost:3001/api-docs/" "Mozilla/5.0 (Windows NT 6.1; Win64; x64) AppleWebKit/537.36 (KHTML, like Gecko) Chrome/74.0.3729.169 Safari/537.36"
::1 - - [14/Jun/2019:01:01:39 +0000] "GET /api-docs/swagger-ui-standalone-preset.js HTTP/1.1" 304 - "http://localhost:3001/api-docs/" "Mozilla/5.0 (Windows NT 6.1; Win64; x64) AppleWebKit/537.36 (KHTML, like Gecko) Chrome/74.0.3729.169 Safari/537.36"
::1 - - [14/Jun/2019:01:01:39 +0000] "GET /api-docs/swagger-ui-init.js HTTP/1.1" 200 - "http://localhost:3001/api-docs/" "Mozilla/5.0 (Windows NT 6.1; Win64; x64) AppleWebKit/537.36 (KHTML, like Gecko) Chrome/74.0.3729.169 Safari/537.36"
::1 - - [14/Jun/2019:01:04:20 +0000] "GET /api-docs/ HTTP/1.1" 304 - "-" "Mozilla/5.0 (Windows NT 6.1; Win64; x64) AppleWebKit/537.36 (KHTML, like Gecko) Chrome/74.0.3729.169 Safari/537.36"
::1 - - [14/Jun/2019:01:04:20 +0000] "GET /api-docs/swagger-ui.css HTTP/1.1" 304 - "http://localhost:3001/api-docs/" "Mozilla/5.0 (Windows NT 6.1; Win64; x64) AppleWebKit/537.36 (KHTML, like Gecko) Chrome/74.0.3729.169 Safari/537.36"
::1 - - [14/Jun/2019:01:04:20 +0000] "GET /api-docs/swagger-ui-bundle.js HTTP/1.1" 304 - "http://localhost:3001/api-docs/" "Mozilla/5.0 (Windows NT 6.1; Win64; x64) AppleWebKit/537.36 (KHTML, like Gecko) Chrome/74.0.3729.169 Safari/537.36"
::1 - - [14/Jun/2019:01:04:20 +0000] "GET /api-docs/swagger-ui-init.js HTTP/1.1" 304 - "http://localhost:3001/api-docs/" "Mozilla/5.0 (Windows NT 6.1; Win64; x64) AppleWebKit/537.36 (KHTML, like Gecko) Chrome/74.0.3729.169 Safari/537.36"
::1 - - [14/Jun/2019:01:04:20 +0000] "GET /api-docs/swagger-ui-standalone-preset.js HTTP/1.1" 304 - "http://localhost:3001/api-docs/" "Mozilla/5.0 (Windows NT 6.1; Win64; x64) AppleWebKit/537.36 (KHTML, like Gecko) Chrome/74.0.3729.169 Safari/537.36"
::1 - - [14/Jun/2019:01:11:00 +0000] "GET /api-docs/ HTTP/1.1" 200 - "-" "Mozilla/5.0 (Windows NT 6.1; Win64; x64) AppleWebKit/537.36 (KHTML, like Gecko) Chrome/74.0.3729.169 Safari/537.36"
::1 - - [14/Jun/2019:01:11:00 +0000] "GET /api-docs/swagger-ui-init.js HTTP/1.1" 200 - "http://localhost:3001/api-docs/" "Mozilla/5.0 (Windows NT 6.1; Win64; x64) AppleWebKit/537.36 (KHTML, like Gecko) Chrome/74.0.3729.169 Safari/537.36"
::1 - - [14/Jun/2019:01:11:00 +0000] "GET /api-docs/swagger-ui.css HTTP/1.1" 200 - "http://localhost:3001/api-docs/" "Mozilla/5.0 (Windows NT 6.1; Win64; x64) AppleWebKit/537.36 (KHTML, like Gecko) Chrome/74.0.3729.169 Safari/537.36"
::1 - - [14/Jun/2019:01:11:00 +0000] "GET /api-docs/swagger-ui-standalone-preset.js HTTP/1.1" 200 - "http://localhost:3001/api-docs/" "Mozilla/5.0 (Windows NT 6.1; Win64; x64) AppleWebKit/537.36 (KHTML, like Gecko) Chrome/74.0.3729.169 Safari/537.36"
::1 - - [14/Jun/2019:01:11:00 +0000] "GET /api-docs/swagger-ui-bundle.js HTTP/1.1" 200 - "http://localhost:3001/api-docs/" "Mozilla/5.0 (Windows NT 6.1; Win64; x64) AppleWebKit/537.36 (KHTML, like Gecko) Chrome/74.0.3729.169 Safari/537.36"
::1 - - [14/Jun/2019:01:11:01 +0000] "GET /api-docs/favicon-32x32.png HTTP/1.1" 304 - "http://localhost:3001/api-docs/" "Mozilla/5.0 (Windows NT 6.1; Win64; x64) AppleWebKit/537.36 (KHTML, like Gecko) Chrome/74.0.3729.169 Safari/537.36"
::1 - - [14/Jun/2019:01:12:41 +0000] "GET /api-docs/ HTTP/1.1" 200 - "-" "Mozilla/5.0 (Windows NT 6.1; Win64; x64) AppleWebKit/537.36 (KHTML, like Gecko) Chrome/74.0.3729.169 Safari/537.36"
::1 - - [14/Jun/2019:01:12:41 +0000] "GET /api-docs/swagger-ui-init.js HTTP/1.1" 200 - "http://localhost:3001/api-docs/" "Mozilla/5.0 (Windows NT 6.1; Win64; x64) AppleWebKit/537.36 (KHTML, like Gecko) Chrome/74.0.3729.169 Safari/537.36"
::1 - - [14/Jun/2019:01:12:41 +0000] "GET /api-docs/swagger-ui.css HTTP/1.1" 200 - "http://localhost:3001/api-docs/" "Mozilla/5.0 (Windows NT 6.1; Win64; x64) AppleWebKit/537.36 (KHTML, like Gecko) Chrome/74.0.3729.169 Safari/537.36"
::1 - - [14/Jun/2019:01:12:41 +0000] "GET /api-docs/swagger-ui-standalone-preset.js HTTP/1.1" 200 - "http://localhost:3001/api-docs/" "Mozilla/5.0 (Windows NT 6.1; Win64; x64) AppleWebKit/537.36 (KHTML, like Gecko) Chrome/74.0.3729.169 Safari/537.36"
::1 - - [14/Jun/2019:01:12:41 +0000] "GET /api-docs/swagger-ui-bundle.js HTTP/1.1" 200 - "http://localhost:3001/api-docs/" "Mozilla/5.0 (Windows NT 6.1; Win64; x64) AppleWebKit/537.36 (KHTML, like Gecko) Chrome/74.0.3729.169 Safari/537.36"
::1 - - [14/Jun/2019:01:12:42 +0000] "GET /api-docs/favicon-32x32.png HTTP/1.1" 304 - "http://localhost:3001/api-docs/" "Mozilla/5.0 (Windows NT 6.1; Win64; x64) AppleWebKit/537.36 (KHTML, like Gecko) Chrome/74.0.3729.169 Safari/537.36"
